<?xml version="1.0" encoding="UTF-8"?>
<!-- Generated by org.testng.reporters.JUnitReportReporter -->
<testsuite hostname="RJ" name="com.paypal.resourcebuilder.resourcebuilder" tests="1" failures="0" timestamp="14 Aug 2019 03:28:37 GMT" time="0.024" errors="0">
  <testcase name="resourcebuild" time="0.024" classname="com.paypal.resourcebuilder.resourcebuilder"/>
</testsuite> <!-- com.paypal.resourcebuilder.resourcebuilder -->
