<?xml version="1.0" encoding="UTF-8"?>
<!-- Generated by org.testng.reporters.JUnitReportReporter -->
<testsuite hostname="RJ" name="com.paypal.orders.tests.createorder" tests="1" failures="0" timestamp="15 Aug 2019 03:40:13 GMT" time="5.669" errors="0">
  <testcase name="assertion" time="5.669" classname="com.paypal.orders.tests.createorder"/>
</testsuite> <!-- com.paypal.orders.tests.createorder -->
